<?xml version="1.0" encoding="UTF-8"?>
<Site BuildName="Win32-mingw32-make"
	BuildStamp="20241009-1229-Experimental"
	Name="DESKTOP-796GSE4"
	Generator="ctest-3.30.4"
	CompilerName="C:/msys64/mingw64/bin/g++.exe"
	CompilerVersion="13.2.0"
	OSName="Windows"
	Hostname="DESKTOP-796GSE4"
	OSRelease=" Personal"
	OSVersion=" (Build 22631)"
	OSPlatform="AMD64"
	Is64Bits="1"
	VendorString="GenuineIntel"
	VendorID="Intel Corporation"
	FamilyID="6"
	ModelID="10"
	ProcessorCacheSize="-1"
	NumberOfLogicalCPU="12"
	NumberOfPhysicalCPU="8"
	TotalVirtualMemory="20684"
	TotalPhysicalMemory="7884"
	LogicalProcessorsPerPhysical="1"
	ProcessorClockFrequency="2513"
	>
	<Testing>
		<StartDateTime>Oct 09 19:36 SE Asia Standard Time</StartDateTime>
		<StartTestTime>1728477397</StartTestTime>
		<TestList/>
		<EndDateTime>Oct 09 19:36 SE Asia Standard Time</EndDateTime>
		<EndTestTime>1728477397</EndTestTime>
		<ElapsedMinutes>0</ElapsedMinutes>
	</Testing>
</Site>
